{"/Users/juliasanderson/testing/creature-sim/src/utils/Utilities.js": {"path":"/Users/juliasanderson/testing/creature-sim/src/utils/Utilities.js","all":false,"statementMap":{"0":{"start":{"line":1,"column":0},"end":{"line":1,"column":26}},"1":{"start":{"line":2,"column":0},"end":{"line":2,"column":29}},"2":{"start":{"line":3,"column":0},"end":{"line":3,"column":12}},"3":{"start":{"line":4,"column":0},"end":{"line":4,"column":22}},"4":{"start":{"line":5,"column":0},"end":{"line":5,"column":22}},"5":{"start":{"line":6,"column":0},"end":{"line":6,"column":11}},"6":{"start":{"line":7,"column":0},"end":{"line":7,"column":22}},"7":{"start":{"line":8,"column":0},"end":{"line":8,"column":11}},"8":{"start":{"line":9,"column":0},"end":{"line":9,"column":22}},"9":{"start":{"line":10,"column":0},"end":{"line":10,"column":11}},"10":{"start":{"line":11,"column":0},"end":{"line":11,"column":22}},"11":{"start":{"line":12,"column":0},"end":{"line":12,"column":11}},"12":{"start":{"line":13,"column":0},"end":{"line":13,"column":22}},"13":{"start":{"line":14,"column":0},"end":{"line":14,"column":22}},"14":{"start":{"line":15,"column":0},"end":{"line":15,"column":20}},"15":{"start":{"line":16,"column":0},"end":{"line":16,"column":6}},"16":{"start":{"line":17,"column":0},"end":{"line":17,"column":4}},"17":{"start":{"line":18,"column":0},"end":{"line":18,"column":19}},"18":{"start":{"line":19,"column":0},"end":{"line":19,"column":75}},"19":{"start":{"line":20,"column":0},"end":{"line":20,"column":4}},"20":{"start":{"line":21,"column":0},"end":{"line":21,"column":24}},"21":{"start":{"line":22,"column":0},"end":{"line":22,"column":43}},"22":{"start":{"line":23,"column":0},"end":{"line":23,"column":4}},"23":{"start":{"line":24,"column":0},"end":{"line":24,"column":2}}},"s":{"0":1,"1":1,"2":1,"3":1,"4":1,"5":1,"6":1,"7":1,"8":1,"9":1,"10":1,"11":1,"12":1,"13":1,"14":1,"15":1,"16":1,"17":1,"18":8,"19":1,"20":1,"21":1,"22":1,"23":1},"branchMap":{"0":{"type":"branch","line":2,"loc":{"start":{"line":2,"column":16},"end":{"line":17,"column":3}},"locations":[{"start":{"line":2,"column":16},"end":{"line":17,"column":3}}]},"1":{"type":"branch","line":18,"loc":{"start":{"line":18,"column":6},"end":{"line":20,"column":3}},"locations":[{"start":{"line":18,"column":6},"end":{"line":20,"column":3}}]},"2":{"type":"branch","line":21,"loc":{"start":{"line":21,"column":8},"end":{"line":23,"column":4}},"locations":[{"start":{"line":21,"column":8},"end":{"line":23,"column":4}}]}},"b":{"0":[1],"1":[8],"2":[1]},"fnMap":{"0":{"name":"generateGUID","decl":{"start":{"line":2,"column":16},"end":{"line":17,"column":3}},"loc":{"start":{"line":2,"column":16},"end":{"line":17,"column":3}},"line":2},"1":{"name":"S4","decl":{"start":{"line":18,"column":6},"end":{"line":20,"column":3}},"loc":{"start":{"line":18,"column":6},"end":{"line":20,"column":3}},"line":18},"2":{"name":"rand","decl":{"start":{"line":21,"column":8},"end":{"line":23,"column":4}},"loc":{"start":{"line":21,"column":8},"end":{"line":23,"column":4}},"line":21}},"f":{"0":1,"1":8,"2":1}}
}
